[05-Sep-2025 23:55:52 America/Sao_Paulo] PHP Warning:  Undefined array key "current" in /Applications/AMPPS/www/full17.2/formularios/form_list_internacao_cap_jornada.php on line 311
[05-Sep-2025 23:55:52 America/Sao_Paulo] PHP Warning:  Undefined array key "current" in /Applications/AMPPS/www/full17.2/formularios/form_list_internacao_cap_jornada.php on line 311
[05-Sep-2025 23:55:52 America/Sao_Paulo] PHP Warning:  Undefined array key "current" in /Applications/AMPPS/www/full17.2/formularios/form_list_internacao_cap_jornada.php on line 311
[05-Sep-2025 23:56:02 America/Sao_Paulo] PHP Warning:  Undefined array key "current" in /Applications/AMPPS/www/full17.2/formularios/form_list_internacao_cap_jornada.php on line 311
[05-Sep-2025 23:56:02 America/Sao_Paulo] PHP Warning:  Undefined array key "current" in /Applications/AMPPS/www/full17.2/formularios/form_list_internacao_cap_jornada.php on line 311
[05-Sep-2025 23:56:02 America/Sao_Paulo] PHP Warning:  Undefined array key "current" in /Applications/AMPPS/www/full17.2/formularios/form_list_internacao_cap_jornada.php on line 311
[06-Sep-2025 00:24:20 America/Sao_Paulo] PHP Warning:  Undefined array key "current" in /Applications/AMPPS/www/full17.2/formularios/form_list_internacao_cap_jornada.php on line 377
[06-Sep-2025 00:24:20 America/Sao_Paulo] PHP Warning:  Undefined array key "current" in /Applications/AMPPS/www/full17.2/formularios/form_list_internacao_cap_jornada.php on line 377
[06-Sep-2025 00:24:20 America/Sao_Paulo] PHP Warning:  Undefined array key "current" in /Applications/AMPPS/www/full17.2/formularios/form_list_internacao_cap_jornada.php on line 377
[06-Sep-2025 00:24:27 America/Sao_Paulo] PHP Warning:  Undefined array key "current" in /Applications/AMPPS/www/full17.2/formularios/form_list_internacao_cap_jornada.php on line 377
[06-Sep-2025 00:24:27 America/Sao_Paulo] PHP Warning:  Undefined array key "current" in /Applications/AMPPS/www/full17.2/formularios/form_list_internacao_cap_jornada.php on line 377
[06-Sep-2025 00:24:27 America/Sao_Paulo] PHP Warning:  Undefined array key "current" in /Applications/AMPPS/www/full17.2/formularios/form_list_internacao_cap_jornada.php on line 377
[06-Sep-2025 00:24:28 America/Sao_Paulo] PHP Warning:  Undefined array key "current" in /Applications/AMPPS/www/full17.2/formularios/form_list_internacao_cap_jornada.php on line 377
[06-Sep-2025 00:24:28 America/Sao_Paulo] PHP Warning:  Undefined array key "current" in /Applications/AMPPS/www/full17.2/formularios/form_list_internacao_cap_jornada.php on line 377
[06-Sep-2025 00:24:28 America/Sao_Paulo] PHP Warning:  Undefined array key "current" in /Applications/AMPPS/www/full17.2/formularios/form_list_internacao_cap_jornada.php on line 377
[06-Sep-2025 00:24:28 America/Sao_Paulo] PHP Warning:  Undefined array key "current" in /Applications/AMPPS/www/full17.2/formularios/form_list_internacao_cap_jornada.php on line 377
[06-Sep-2025 00:24:28 America/Sao_Paulo] PHP Warning:  Undefined array key "current" in /Applications/AMPPS/www/full17.2/formularios/form_list_internacao_cap_jornada.php on line 377
[06-Sep-2025 00:24:28 America/Sao_Paulo] PHP Warning:  Undefined array key "current" in /Applications/AMPPS/www/full17.2/formularios/form_list_internacao_cap_jornada.php on line 377
[06-Sep-2025 00:24:29 America/Sao_Paulo] PHP Warning:  Undefined array key "current" in /Applications/AMPPS/www/full17.2/formularios/form_list_internacao_cap_jornada.php on line 377
[06-Sep-2025 00:24:29 America/Sao_Paulo] PHP Warning:  Undefined array key "current" in /Applications/AMPPS/www/full17.2/formularios/form_list_internacao_cap_jornada.php on line 377
[06-Sep-2025 00:24:29 America/Sao_Paulo] PHP Warning:  Undefined array key "current" in /Applications/AMPPS/www/full17.2/formularios/form_list_internacao_cap_jornada.php on line 377
[06-Sep-2025 00:24:30 America/Sao_Paulo] PHP Warning:  Undefined array key "current" in /Applications/AMPPS/www/full17.2/formularios/form_list_internacao_cap_jornada.php on line 377
[06-Sep-2025 00:24:30 America/Sao_Paulo] PHP Warning:  Undefined array key "current" in /Applications/AMPPS/www/full17.2/formularios/form_list_internacao_cap_jornada.php on line 377
[06-Sep-2025 00:24:30 America/Sao_Paulo] PHP Warning:  Undefined array key "current" in /Applications/AMPPS/www/full17.2/formularios/form_list_internacao_cap_jornada.php on line 377
[06-Sep-2025 00:25:03 America/Sao_Paulo] PHP Warning:  Undefined array key "current" in /Applications/AMPPS/www/full17.2/formularios/form_list_internacao_cap_jornada.php on line 377
[06-Sep-2025 00:25:03 America/Sao_Paulo] PHP Warning:  Undefined array key "current" in /Applications/AMPPS/www/full17.2/formularios/form_list_internacao_cap_jornada.php on line 377
[06-Sep-2025 00:25:03 America/Sao_Paulo] PHP Warning:  Undefined array key "current" in /Applications/AMPPS/www/full17.2/formularios/form_list_internacao_cap_jornada.php on line 377
[06-Sep-2025 00:25:12 America/Sao_Paulo] PHP Warning:  Undefined array key "current" in /Applications/AMPPS/www/full17.2/formularios/form_list_internacao_cap_jornada.php on line 377
[06-Sep-2025 00:25:12 America/Sao_Paulo] PHP Warning:  Undefined array key "current" in /Applications/AMPPS/www/full17.2/formularios/form_list_internacao_cap_jornada.php on line 377
[06-Sep-2025 00:25:12 America/Sao_Paulo] PHP Warning:  Undefined array key "current" in /Applications/AMPPS/www/full17.2/formularios/form_list_internacao_cap_jornada.php on line 377
[06-Sep-2025 07:39:58 America/Sao_Paulo] PHP Warning:  Undefined array key "current" in /Applications/AMPPS/www/full17.2/formularios/form_list_internacao_cap_jornada.php on line 377
[06-Sep-2025 07:39:58 America/Sao_Paulo] PHP Warning:  Undefined array key "current" in /Applications/AMPPS/www/full17.2/formularios/form_list_internacao_cap_jornada.php on line 377
[06-Sep-2025 07:39:58 America/Sao_Paulo] PHP Warning:  Undefined array key "current" in /Applications/AMPPS/www/full17.2/formularios/form_list_internacao_cap_jornada.php on line 377
[06-Sep-2025 14:55:12 America/Sao_Paulo] PHP Warning:  Undefined array key "current" in /Applications/AMPPS/www/full17.2/formularios/form_list_internacao_cap_jornada.php on line 328
[06-Sep-2025 14:55:12 America/Sao_Paulo] PHP Warning:  Undefined array key "current" in /Applications/AMPPS/www/full17.2/formularios/form_list_internacao_cap_jornada.php on line 328
[06-Sep-2025 14:55:12 America/Sao_Paulo] PHP Warning:  Undefined array key "current" in /Applications/AMPPS/www/full17.2/formularios/form_list_internacao_cap_jornada.php on line 328
[06-Sep-2025 14:55:12 America/Sao_Paulo] PHP Warning:  Undefined array key "current" in /Applications/AMPPS/www/full17.2/formularios/form_list_internacao_cap_jornada.php on line 328
[06-Sep-2025 14:55:12 America/Sao_Paulo] PHP Warning:  Undefined array key "current" in /Applications/AMPPS/www/full17.2/formularios/form_list_internacao_cap_jornada.php on line 328
[06-Sep-2025 14:55:12 America/Sao_Paulo] PHP Warning:  Undefined array key "current" in /Applications/AMPPS/www/full17.2/formularios/form_list_internacao_cap_jornada.php on line 328
[06-Sep-2025 15:00:37 America/Sao_Paulo] PHP Warning:  Undefined array key "current" in /Applications/AMPPS/www/full17.2/formularios/form_list_internacao_cap_jornada.php on line 328
[06-Sep-2025 15:00:37 America/Sao_Paulo] PHP Warning:  Undefined array key "current" in /Applications/AMPPS/www/full17.2/formularios/form_list_internacao_cap_jornada.php on line 328
[06-Sep-2025 15:00:37 America/Sao_Paulo] PHP Warning:  Undefined array key "current" in /Applications/AMPPS/www/full17.2/formularios/form_list_internacao_cap_jornada.php on line 328
[06-Sep-2025 15:00:37 America/Sao_Paulo] PHP Warning:  Undefined array key "current" in /Applications/AMPPS/www/full17.2/formularios/form_list_internacao_cap_jornada.php on line 328
[06-Sep-2025 15:00:37 America/Sao_Paulo] PHP Warning:  Undefined array key "current" in /Applications/AMPPS/www/full17.2/formularios/form_list_internacao_cap_jornada.php on line 328
[06-Sep-2025 15:00:37 America/Sao_Paulo] PHP Warning:  Undefined array key "current" in /Applications/AMPPS/www/full17.2/formularios/form_list_internacao_cap_jornada.php on line 328
[06-Sep-2025 15:06:21 America/Sao_Paulo] PHP Warning:  Undefined array key "current" in /Applications/AMPPS/www/full17.2/formularios/form_list_internacao_cap_jornada.php on line 328
[06-Sep-2025 15:06:21 America/Sao_Paulo] PHP Warning:  Undefined array key "current" in /Applications/AMPPS/www/full17.2/formularios/form_list_internacao_cap_jornada.php on line 328
[06-Sep-2025 15:06:21 America/Sao_Paulo] PHP Warning:  Undefined array key "current" in /Applications/AMPPS/www/full17.2/formularios/form_list_internacao_cap_jornada.php on line 328
[06-Sep-2025 15:06:21 America/Sao_Paulo] PHP Warning:  Undefined array key "current" in /Applications/AMPPS/www/full17.2/formularios/form_list_internacao_cap_jornada.php on line 328
[06-Sep-2025 15:06:21 America/Sao_Paulo] PHP Warning:  Undefined array key "current" in /Applications/AMPPS/www/full17.2/formularios/form_list_internacao_cap_jornada.php on line 328
[06-Sep-2025 15:06:21 America/Sao_Paulo] PHP Warning:  Undefined array key "current" in /Applications/AMPPS/www/full17.2/formularios/form_list_internacao_cap_jornada.php on line 328
[06-Sep-2025 15:14:40 America/Sao_Paulo] PHP Warning:  Undefined array key "current" in /Applications/AMPPS/www/full17.2/formularios/form_list_internacao_cap_jornada.php on line 461
[06-Sep-2025 15:14:40 America/Sao_Paulo] PHP Warning:  Undefined array key "current" in /Applications/AMPPS/www/full17.2/formularios/form_list_internacao_cap_jornada.php on line 461
[06-Sep-2025 15:14:40 America/Sao_Paulo] PHP Warning:  Undefined array key "current" in /Applications/AMPPS/www/full17.2/formularios/form_list_internacao_cap_jornada.php on line 461
[06-Sep-2025 15:14:40 America/Sao_Paulo] PHP Warning:  Undefined array key "current" in /Applications/AMPPS/www/full17.2/formularios/form_list_internacao_cap_jornada.php on line 461
[06-Sep-2025 15:14:40 America/Sao_Paulo] PHP Warning:  Undefined array key "current" in /Applications/AMPPS/www/full17.2/formularios/form_list_internacao_cap_jornada.php on line 461
[06-Sep-2025 15:14:40 America/Sao_Paulo] PHP Warning:  Undefined array key "current" in /Applications/AMPPS/www/full17.2/formularios/form_list_internacao_cap_jornada.php on line 461
[06-Sep-2025 15:15:04 America/Sao_Paulo] PHP Warning:  Undefined array key "current" in /Applications/AMPPS/www/full17.2/formularios/form_list_internacao_cap_jornada.php on line 460
[06-Sep-2025 15:15:04 America/Sao_Paulo] PHP Warning:  Undefined array key "current" in /Applications/AMPPS/www/full17.2/formularios/form_list_internacao_cap_jornada.php on line 460
[06-Sep-2025 15:15:04 America/Sao_Paulo] PHP Warning:  Undefined array key "current" in /Applications/AMPPS/www/full17.2/formularios/form_list_internacao_cap_jornada.php on line 460
[06-Sep-2025 15:15:04 America/Sao_Paulo] PHP Warning:  Undefined array key "current" in /Applications/AMPPS/www/full17.2/formularios/form_list_internacao_cap_jornada.php on line 460
[06-Sep-2025 15:15:04 America/Sao_Paulo] PHP Warning:  Undefined array key "current" in /Applications/AMPPS/www/full17.2/formularios/form_list_internacao_cap_jornada.php on line 460
[06-Sep-2025 15:15:04 America/Sao_Paulo] PHP Warning:  Undefined array key "current" in /Applications/AMPPS/www/full17.2/formularios/form_list_internacao_cap_jornada.php on line 460
[06-Sep-2025 15:38:50 America/Sao_Paulo] PHP Warning:  Undefined array key "current" in /Applications/AMPPS/www/full17.2/formularios/form_list_internacao_cap_jornada.php on line 460
[06-Sep-2025 15:38:50 America/Sao_Paulo] PHP Warning:  Undefined array key "current" in /Applications/AMPPS/www/full17.2/formularios/form_list_internacao_cap_jornada.php on line 460
[06-Sep-2025 15:38:50 America/Sao_Paulo] PHP Warning:  Undefined array key "current" in /Applications/AMPPS/www/full17.2/formularios/form_list_internacao_cap_jornada.php on line 460
[06-Sep-2025 15:38:50 America/Sao_Paulo] PHP Warning:  Undefined array key "current" in /Applications/AMPPS/www/full17.2/formularios/form_list_internacao_cap_jornada.php on line 460
[06-Sep-2025 15:38:50 America/Sao_Paulo] PHP Warning:  Undefined array key "current" in /Applications/AMPPS/www/full17.2/formularios/form_list_internacao_cap_jornada.php on line 460
[06-Sep-2025 15:38:50 America/Sao_Paulo] PHP Warning:  Undefined array key "current" in /Applications/AMPPS/www/full17.2/formularios/form_list_internacao_cap_jornada.php on line 460
[06-Sep-2025 15:39:20 America/Sao_Paulo] PHP Warning:  Undefined array key "current" in /Applications/AMPPS/www/full17.2/formularios/form_list_internacao_cap_jornada.php on line 460
[06-Sep-2025 15:39:20 America/Sao_Paulo] PHP Warning:  Undefined array key "current" in /Applications/AMPPS/www/full17.2/formularios/form_list_internacao_cap_jornada.php on line 460
[06-Sep-2025 15:39:20 America/Sao_Paulo] PHP Warning:  Undefined array key "current" in /Applications/AMPPS/www/full17.2/formularios/form_list_internacao_cap_jornada.php on line 460
[06-Sep-2025 15:39:20 America/Sao_Paulo] PHP Warning:  Undefined array key "current" in /Applications/AMPPS/www/full17.2/formularios/form_list_internacao_cap_jornada.php on line 460
[06-Sep-2025 15:39:20 America/Sao_Paulo] PHP Warning:  Undefined array key "current" in /Applications/AMPPS/www/full17.2/formularios/form_list_internacao_cap_jornada.php on line 460
[06-Sep-2025 15:39:20 America/Sao_Paulo] PHP Warning:  Undefined array key "current" in /Applications/AMPPS/www/full17.2/formularios/form_list_internacao_cap_jornada.php on line 460
[06-Sep-2025 15:39:24 America/Sao_Paulo] PHP Warning:  Undefined array key "current" in /Applications/AMPPS/www/full17.2/formularios/form_list_internacao_cap_jornada.php on line 460
[06-Sep-2025 15:39:24 America/Sao_Paulo] PHP Warning:  Undefined array key "current" in /Applications/AMPPS/www/full17.2/formularios/form_list_internacao_cap_jornada.php on line 460
[06-Sep-2025 15:39:24 America/Sao_Paulo] PHP Warning:  Undefined array key "current" in /Applications/AMPPS/www/full17.2/formularios/form_list_internacao_cap_jornada.php on line 460
[06-Sep-2025 15:39:24 America/Sao_Paulo] PHP Warning:  Undefined array key "current" in /Applications/AMPPS/www/full17.2/formularios/form_list_internacao_cap_jornada.php on line 460
[06-Sep-2025 15:39:24 America/Sao_Paulo] PHP Warning:  Undefined array key "current" in /Applications/AMPPS/www/full17.2/formularios/form_list_internacao_cap_jornada.php on line 460
[06-Sep-2025 15:39:24 America/Sao_Paulo] PHP Warning:  Undefined array key "current" in /Applications/AMPPS/www/full17.2/formularios/form_list_internacao_cap_jornada.php on line 460
[06-Sep-2025 15:39:39 America/Sao_Paulo] PHP Warning:  Undefined array key "current" in /Applications/AMPPS/www/full17.2/formularios/form_list_internacao_cap_jornada.php on line 460
[06-Sep-2025 15:39:39 America/Sao_Paulo] PHP Warning:  Undefined array key "current" in /Applications/AMPPS/www/full17.2/formularios/form_list_internacao_cap_jornada.php on line 460
[06-Sep-2025 15:39:39 America/Sao_Paulo] PHP Warning:  Undefined array key "current" in /Applications/AMPPS/www/full17.2/formularios/form_list_internacao_cap_jornada.php on line 460
[06-Sep-2025 15:39:39 America/Sao_Paulo] PHP Warning:  Undefined array key "current" in /Applications/AMPPS/www/full17.2/formularios/form_list_internacao_cap_jornada.php on line 460
[06-Sep-2025 15:39:39 America/Sao_Paulo] PHP Warning:  Undefined array key "current" in /Applications/AMPPS/www/full17.2/formularios/form_list_internacao_cap_jornada.php on line 460
[06-Sep-2025 15:39:39 America/Sao_Paulo] PHP Warning:  Undefined array key "current" in /Applications/AMPPS/www/full17.2/formularios/form_list_internacao_cap_jornada.php on line 460
[06-Sep-2025 15:41:26 America/Sao_Paulo] PHP Warning:  Undefined array key "current" in /Applications/AMPPS/www/full17.2/formularios/form_list_internacao_cap_jornada.php on line 460
[06-Sep-2025 15:41:26 America/Sao_Paulo] PHP Warning:  Undefined array key "current" in /Applications/AMPPS/www/full17.2/formularios/form_list_internacao_cap_jornada.php on line 460
[06-Sep-2025 15:41:26 America/Sao_Paulo] PHP Warning:  Undefined array key "current" in /Applications/AMPPS/www/full17.2/formularios/form_list_internacao_cap_jornada.php on line 460
[06-Sep-2025 15:41:26 America/Sao_Paulo] PHP Warning:  Undefined array key "current" in /Applications/AMPPS/www/full17.2/formularios/form_list_internacao_cap_jornada.php on line 460
[06-Sep-2025 15:41:26 America/Sao_Paulo] PHP Warning:  Undefined array key "current" in /Applications/AMPPS/www/full17.2/formularios/form_list_internacao_cap_jornada.php on line 460
[06-Sep-2025 15:41:26 America/Sao_Paulo] PHP Warning:  Undefined array key "current" in /Applications/AMPPS/www/full17.2/formularios/form_list_internacao_cap_jornada.php on line 460
[06-Sep-2025 15:41:33 America/Sao_Paulo] PHP Warning:  Undefined array key "current" in /Applications/AMPPS/www/full17.2/formularios/form_list_internacao_cap_jornada.php on line 460
[06-Sep-2025 15:41:33 America/Sao_Paulo] PHP Warning:  Undefined array key "current" in /Applications/AMPPS/www/full17.2/formularios/form_list_internacao_cap_jornada.php on line 460
[06-Sep-2025 15:41:33 America/Sao_Paulo] PHP Warning:  Undefined array key "current" in /Applications/AMPPS/www/full17.2/formularios/form_list_internacao_cap_jornada.php on line 460
[06-Sep-2025 15:41:33 America/Sao_Paulo] PHP Warning:  Undefined array key "current" in /Applications/AMPPS/www/full17.2/formularios/form_list_internacao_cap_jornada.php on line 460
[06-Sep-2025 15:41:33 America/Sao_Paulo] PHP Warning:  Undefined array key "current" in /Applications/AMPPS/www/full17.2/formularios/form_list_internacao_cap_jornada.php on line 460
[06-Sep-2025 15:41:33 America/Sao_Paulo] PHP Warning:  Undefined array key "current" in /Applications/AMPPS/www/full17.2/formularios/form_list_internacao_cap_jornada.php on line 460
[06-Sep-2025 15:41:36 America/Sao_Paulo] PHP Warning:  Undefined array key "current" in /Applications/AMPPS/www/full17.2/formularios/form_list_internacao_cap_jornada.php on line 460
[06-Sep-2025 15:41:36 America/Sao_Paulo] PHP Warning:  Undefined array key "current" in /Applications/AMPPS/www/full17.2/formularios/form_list_internacao_cap_jornada.php on line 460
[06-Sep-2025 15:41:36 America/Sao_Paulo] PHP Warning:  Undefined array key "current" in /Applications/AMPPS/www/full17.2/formularios/form_list_internacao_cap_jornada.php on line 460
[06-Sep-2025 15:41:36 America/Sao_Paulo] PHP Warning:  Undefined array key "current" in /Applications/AMPPS/www/full17.2/formularios/form_list_internacao_cap_jornada.php on line 460
[06-Sep-2025 15:41:36 America/Sao_Paulo] PHP Warning:  Undefined array key "current" in /Applications/AMPPS/www/full17.2/formularios/form_list_internacao_cap_jornada.php on line 460
[06-Sep-2025 15:41:36 America/Sao_Paulo] PHP Warning:  Undefined array key "current" in /Applications/AMPPS/www/full17.2/formularios/form_list_internacao_cap_jornada.php on line 460
[06-Sep-2025 15:41:44 America/Sao_Paulo] PHP Warning:  Undefined array key "current" in /Applications/AMPPS/www/full17.2/formularios/form_list_internacao_cap_jornada.php on line 460
[06-Sep-2025 15:41:44 America/Sao_Paulo] PHP Warning:  Undefined array key "current" in /Applications/AMPPS/www/full17.2/formularios/form_list_internacao_cap_jornada.php on line 460
[06-Sep-2025 15:41:44 America/Sao_Paulo] PHP Warning:  Undefined array key "current" in /Applications/AMPPS/www/full17.2/formularios/form_list_internacao_cap_jornada.php on line 460
[06-Sep-2025 15:41:44 America/Sao_Paulo] PHP Warning:  Undefined array key "current" in /Applications/AMPPS/www/full17.2/formularios/form_list_internacao_cap_jornada.php on line 460
[06-Sep-2025 15:41:44 America/Sao_Paulo] PHP Warning:  Undefined array key "current" in /Applications/AMPPS/www/full17.2/formularios/form_list_internacao_cap_jornada.php on line 460
[06-Sep-2025 15:41:44 America/Sao_Paulo] PHP Warning:  Undefined array key "current" in /Applications/AMPPS/www/full17.2/formularios/form_list_internacao_cap_jornada.php on line 460
[06-Sep-2025 15:41:48 America/Sao_Paulo] PHP Warning:  Undefined array key "current" in /Applications/AMPPS/www/full17.2/formularios/form_list_internacao_cap_jornada.php on line 460
[06-Sep-2025 15:41:48 America/Sao_Paulo] PHP Warning:  Undefined array key "current" in /Applications/AMPPS/www/full17.2/formularios/form_list_internacao_cap_jornada.php on line 460
[06-Sep-2025 15:41:48 America/Sao_Paulo] PHP Warning:  Undefined array key "current" in /Applications/AMPPS/www/full17.2/formularios/form_list_internacao_cap_jornada.php on line 460
[06-Sep-2025 15:41:48 America/Sao_Paulo] PHP Warning:  Undefined array key "current" in /Applications/AMPPS/www/full17.2/formularios/form_list_internacao_cap_jornada.php on line 460
[06-Sep-2025 15:41:48 America/Sao_Paulo] PHP Warning:  Undefined array key "current" in /Applications/AMPPS/www/full17.2/formularios/form_list_internacao_cap_jornada.php on line 460
[06-Sep-2025 15:41:48 America/Sao_Paulo] PHP Warning:  Undefined array key "current" in /Applications/AMPPS/www/full17.2/formularios/form_list_internacao_cap_jornada.php on line 460
[06-Sep-2025 15:41:52 America/Sao_Paulo] PHP Warning:  Undefined array key "current" in /Applications/AMPPS/www/full17.2/formularios/form_list_internacao_cap_jornada.php on line 460
[06-Sep-2025 15:41:52 America/Sao_Paulo] PHP Warning:  Undefined array key "current" in /Applications/AMPPS/www/full17.2/formularios/form_list_internacao_cap_jornada.php on line 460
[06-Sep-2025 15:41:52 America/Sao_Paulo] PHP Warning:  Undefined array key "current" in /Applications/AMPPS/www/full17.2/formularios/form_list_internacao_cap_jornada.php on line 460
[06-Sep-2025 15:41:52 America/Sao_Paulo] PHP Warning:  Undefined array key "current" in /Applications/AMPPS/www/full17.2/formularios/form_list_internacao_cap_jornada.php on line 460
[06-Sep-2025 15:41:52 America/Sao_Paulo] PHP Warning:  Undefined array key "current" in /Applications/AMPPS/www/full17.2/formularios/form_list_internacao_cap_jornada.php on line 460
[06-Sep-2025 15:41:52 America/Sao_Paulo] PHP Warning:  Undefined array key "current" in /Applications/AMPPS/www/full17.2/formularios/form_list_internacao_cap_jornada.php on line 460
[06-Sep-2025 15:41:54 America/Sao_Paulo] PHP Warning:  Undefined array key "current" in /Applications/AMPPS/www/full17.2/formularios/form_list_internacao_cap_jornada.php on line 460
[06-Sep-2025 15:41:54 America/Sao_Paulo] PHP Warning:  Undefined array key "current" in /Applications/AMPPS/www/full17.2/formularios/form_list_internacao_cap_jornada.php on line 460
[06-Sep-2025 15:41:54 America/Sao_Paulo] PHP Warning:  Undefined array key "current" in /Applications/AMPPS/www/full17.2/formularios/form_list_internacao_cap_jornada.php on line 460
[06-Sep-2025 15:41:54 America/Sao_Paulo] PHP Warning:  Undefined array key "current" in /Applications/AMPPS/www/full17.2/formularios/form_list_internacao_cap_jornada.php on line 460
[06-Sep-2025 15:41:54 America/Sao_Paulo] PHP Warning:  Undefined array key "current" in /Applications/AMPPS/www/full17.2/formularios/form_list_internacao_cap_jornada.php on line 460
[06-Sep-2025 15:41:54 America/Sao_Paulo] PHP Warning:  Undefined array key "current" in /Applications/AMPPS/www/full17.2/formularios/form_list_internacao_cap_jornada.php on line 460
[06-Sep-2025 15:41:56 America/Sao_Paulo] PHP Warning:  Undefined array key "current" in /Applications/AMPPS/www/full17.2/formularios/form_list_internacao_cap_jornada.php on line 460
[06-Sep-2025 15:41:56 America/Sao_Paulo] PHP Warning:  Undefined array key "current" in /Applications/AMPPS/www/full17.2/formularios/form_list_internacao_cap_jornada.php on line 460
[06-Sep-2025 15:41:56 America/Sao_Paulo] PHP Warning:  Undefined array key "current" in /Applications/AMPPS/www/full17.2/formularios/form_list_internacao_cap_jornada.php on line 460
[06-Sep-2025 15:41:56 America/Sao_Paulo] PHP Warning:  Undefined array key "current" in /Applications/AMPPS/www/full17.2/formularios/form_list_internacao_cap_jornada.php on line 460
[06-Sep-2025 15:41:56 America/Sao_Paulo] PHP Warning:  Undefined array key "current" in /Applications/AMPPS/www/full17.2/formularios/form_list_internacao_cap_jornada.php on line 460
[06-Sep-2025 15:41:56 America/Sao_Paulo] PHP Warning:  Undefined array key "current" in /Applications/AMPPS/www/full17.2/formularios/form_list_internacao_cap_jornada.php on line 460
[06-Sep-2025 22:13:10 America/Sao_Paulo] PHP Fatal error:  Uncaught PDOException: SQLSTATE[42S22]: Column not found: 1054 Unknown column 'i.id_internacao' in 'ORDER BY' in /Applications/AMPPS/www/full17.2/dao/internacaoDao.php:1091
Stack trace:
#0 /Applications/AMPPS/www/full17.2/dao/internacaoDao.php(1091): PDO->query('SELECT \n       ...')
#1 /Applications/AMPPS/www/full17.2/formularios/form_list_internacao_ciclo.php(146): internacaoDAO->selectAllInternacaoList('', 'ORDER BY i.id_i...', '')
#2 /Applications/AMPPS/www/full17.2/list_internacao_ciclo.php(20): include_once('/Applications/A...')
#3 {main}
  thrown in /Applications/AMPPS/www/full17.2/dao/internacaoDao.php on line 1091
[06-Sep-2025 22:42:05 America/Sao_Paulo] PHP Fatal error:  Uncaught PDOException: SQLSTATE[42S22]: Column not found: 1054 Unknown column 'ho.id_hosp' in 'SELECT' in /Applications/AMPPS/www/full17.2/dao/internacaoDao.php:3052
Stack trace:
#0 /Applications/AMPPS/www/full17.2/dao/internacaoDao.php(3052): PDO->query('\n        SELECT...')
#1 /Applications/AMPPS/www/full17.2/formularios/form_list_internacao_ciclo.php(161): internacaoDAO->selectAllProrrogacao('', 'i.id_internacao...', NULL)
#2 /Applications/AMPPS/www/full17.2/list_internacao_ciclo.php(20): include_once('/Applications/A...')
#3 {main}
  thrown in /Applications/AMPPS/www/full17.2/dao/internacaoDao.php on line 3052
[06-Sep-2025 22:43:59 America/Sao_Paulo] PHP Fatal error:  Uncaught PDOException: SQLSTATE[42S22]: Column not found: 1054 Unknown column 'i.id_paciente' in 'ON' in /Applications/AMPPS/www/full17.2/dao/internacaoDao.php:3055
Stack trace:
#0 /Applications/AMPPS/www/full17.2/dao/internacaoDao.php(3055): PDO->query('\n        SELECT...')
#1 /Applications/AMPPS/www/full17.2/formularios/form_list_internacao_ciclo.php(161): internacaoDAO->selectAllProrrogacao('', 'i.id_internacao...', NULL)
#2 /Applications/AMPPS/www/full17.2/list_internacao_ciclo.php(20): include_once('/Applications/A...')
#3 {main}
  thrown in /Applications/AMPPS/www/full17.2/dao/internacaoDao.php on line 3055
[13-Sep-2025 19:00:45 America/Sao_Paulo] PHP Fatal error:  Uncaught PDOException: SQLSTATE[42S22]: Column not found: 1054 Unknown column 'i.id_paciente' in 'ON' in /Applications/AMPPS/www/full17.2/formularios/form_list_internacao_ciclo.php:141
Stack trace:
#0 /Applications/AMPPS/www/full17.2/formularios/form_list_internacao_ciclo.php(141): PDO->prepare('\n  SELECT COUNT...')
#1 /Applications/AMPPS/www/full17.2/list_internacao_ciclo.php(20): include_once('/Applications/A...')
#2 {main}
  thrown in /Applications/AMPPS/www/full17.2/formularios/form_list_internacao_ciclo.php on line 141
[13-Sep-2025 19:05:34 America/Sao_Paulo] PHP Fatal error:  Uncaught PDOException: SQLSTATE[42S22]: Column not found: 1054 Unknown column 'i.id_paciente' in 'ON' in /Applications/AMPPS/www/full17.2/formularios/form_list_internacao_ciclo.php:141
Stack trace:
#0 /Applications/AMPPS/www/full17.2/formularios/form_list_internacao_ciclo.php(141): PDO->prepare('\n  SELECT COUNT...')
#1 /Applications/AMPPS/www/full17.2/list_internacao_ciclo.php(20): include_once('/Applications/A...')
#2 {main}
  thrown in /Applications/AMPPS/www/full17.2/formularios/form_list_internacao_ciclo.php on line 141
[13-Sep-2025 19:07:53 America/Sao_Paulo] PHP Fatal error:  Uncaught PDOException: SQLSTATE[42S22]: Column not found: 1054 Unknown column 'ho.id_hosp' in 'ON' in /Applications/AMPPS/www/full17.2/formularios/form_list_internacao_ciclo.php:185
Stack trace:
#0 /Applications/AMPPS/www/full17.2/formularios/form_list_internacao_ciclo.php(185): PDO->prepare('\n  SELECT DISTI...')
#1 /Applications/AMPPS/www/full17.2/list_internacao_ciclo.php(20): include_once('/Applications/A...')
#2 {main}
  thrown in /Applications/AMPPS/www/full17.2/formularios/form_list_internacao_ciclo.php on line 185
[13-Sep-2025 19:09:34 America/Sao_Paulo] PHP Fatal error:  Uncaught PDOException: SQLSTATE[42S22]: Column not found: 1054 Unknown column 'i.id_hospital' in 'ON' in /Applications/AMPPS/www/full17.2/formularios/form_list_internacao_ciclo.php:185
Stack trace:
#0 /Applications/AMPPS/www/full17.2/formularios/form_list_internacao_ciclo.php(185): PDO->prepare('\n  SELECT DISTI...')
#1 /Applications/AMPPS/www/full17.2/list_internacao_ciclo.php(20): include_once('/Applications/A...')
#2 {main}
  thrown in /Applications/AMPPS/www/full17.2/formularios/form_list_internacao_ciclo.php on line 185
[13-Sep-2025 19:10:33 America/Sao_Paulo] PHP Fatal error:  Uncaught PDOException: SQLSTATE[42S22]: Column not found: 1054 Unknown column 'i.id_hospital' in 'ON' in /Applications/AMPPS/www/full17.2/formularios/form_list_internacao_ciclo.php:185
Stack trace:
#0 /Applications/AMPPS/www/full17.2/formularios/form_list_internacao_ciclo.php(185): PDO->prepare('\n  SELECT DISTI...')
#1 /Applications/AMPPS/www/full17.2/list_internacao_ciclo.php(20): include_once('/Applications/A...')
#2 {main}
  thrown in /Applications/AMPPS/www/full17.2/formularios/form_list_internacao_ciclo.php on line 185
[15-Oct-2025 10:20:36 America/Sao_Paulo] PHP Fatal error:  Uncaught PDOException: SQLSTATE[42S22]: Column not found: 1054 Unknown column 'ut.fk_internacao_uti' in 'SELECT' in /Applications/AMPPS/www/FullConex/dao/internacaoDao.php:1312
Stack trace:
#0 /Applications/AMPPS/www/FullConex/dao/internacaoDao.php(1312): PDO->query('SELECT \n       ...')
#1 /Applications/AMPPS/www/FullConex/formularios/form_list_internacao_cap_jornada.php(78): internacaoDAO->selectAllInternacaoCap('', 'ORDER BY id_int...', '')
#2 /Applications/AMPPS/www/FullConex/list_internacao_cap_jornada.php(20): include_once('/Applications/A...')
#3 {main}
  thrown in /Applications/AMPPS/www/FullConex/dao/internacaoDao.php on line 1312
[15-Oct-2025 17:28:00 America/Sao_Paulo] PHP Fatal error:  Uncaught PDOException: SQLSTATE[42S22]: Column not found: 1054 Unknown column 'ut.fk_internacao_uti' in 'SELECT' in /Applications/AMPPS/www/FullConex/dao/internacaoDao.php:1312
Stack trace:
#0 /Applications/AMPPS/www/FullConex/dao/internacaoDao.php(1312): PDO->query('SELECT \n       ...')
#1 /Applications/AMPPS/www/FullConex/formularios/form_list_internacao_cap_jornada.php(78): internacaoDAO->selectAllInternacaoCap('', 'ORDER BY id_int...', '')
#2 /Applications/AMPPS/www/FullConex/list_internacao_cap_jornada.php(20): include_once('/Applications/A...')
#3 {main}
  thrown in /Applications/AMPPS/www/FullConex/dao/internacaoDao.php on line 1312
[04-Nov-2025 22:45:49 America/Sao_Paulo] PHP Fatal error:  Uncaught PDOException: SQLSTATE[42S22]: Column not found: 1054 Unknown column 'ca.valor_hemoderivados' in 'SELECT' in /Applications/AMPPS/www/FullConex/dao/internacaoDao.php:1312
Stack trace:
#0 /Applications/AMPPS/www/FullConex/dao/internacaoDao.php(1312): PDO->query('SELECT \n    ac....')
#1 /Applications/AMPPS/www/FullConex/formularios/form_list_internacao_cap_jornada.php(78): internacaoDAO->selectAllInternacaoCap('', 'ORDER BY id_int...', '')
#2 /Applications/AMPPS/www/FullConex/list_internacao_cap_jornada.php(20): include_once('/Applications/A...')
#3 {main}
  thrown in /Applications/AMPPS/www/FullConex/dao/internacaoDao.php on line 1312
[18-Apr-2026 15:16:20 UTC] PHP Warning:  Undefined variable $conn in /Applications/AMPPS/www/fullcareAmil/formularios/form_list_internacao_ciclo.php on line 10
[18-Apr-2026 15:16:20 UTC] PHP Warning:  Undefined variable $BASE_URL in /Applications/AMPPS/www/fullcareAmil/formularios/form_list_internacao_ciclo.php on line 10
[18-Apr-2026 15:16:20 UTC] PHP Fatal error:  Uncaught TypeError: internacaoDAO::__construct(): Argument #1 ($conn) must be of type PDO, null given, called in /Applications/AMPPS/www/fullcareAmil/formularios/form_list_internacao_ciclo.php on line 10 and defined in /Applications/AMPPS/www/fullcareAmil/dao/internacaoDao.php:19
Stack trace:
#0 /Applications/AMPPS/www/fullcareAmil/formularios/form_list_internacao_ciclo.php(10): internacaoDAO->__construct(NULL, NULL)
#1 /Applications/AMPPS/www/fullcareAmil/list_internacao_ciclo.php(20): include_once('/Applications/A...')
#2 {main}
  thrown in /Applications/AMPPS/www/fullcareAmil/dao/internacaoDao.php on line 19
