[2026-02-16 03:53:42] START type=create select_gestao=s evento_adverso_ges= tipo_evento=
[2026-02-16 03:53:43] CREATE internacao ok id=637
[2026-02-16 03:53:43] START type=create select_gestao=s evento_adverso_ges= tipo_evento=
[2026-02-16 04:00:33] START type=create select_gestao=s evento_adverso_ges= tipo_evento=
[2026-02-16 04:00:33] CREATE internacao ok id=638
[2026-02-16 04:00:34] START type=create select_gestao=s evento_adverso_ges= tipo_evento=
[2026-02-16 04:07:00] START type=create select_gestao=s evento_adverso_ges= tipo_evento=
[2026-02-16 04:07:00] CREATE internacao ok id=639
[2026-02-16 04:07:00] VISITA create ok id_int=639 id_visita=678
[2026-02-16 04:07:01] START type=create select_gestao=s evento_adverso_ges= tipo_evento=
[2026-02-16 04:10:59] START type=create select_gestao=s evento_adverso_ges= tipo_evento=
[2026-02-16 04:10:59] CREATE internacao ok id=640
[2026-02-16 04:10:59] VISITA create ok id_int=640 id_visita=679
[2026-02-16 04:10:59] GESTAO create try id_int=640 fk_visita=679 fk_user=6 select=s evento=n
[2026-02-16 04:10:59] [gestaoDAO] create query cols=fk_internacao_ges,fk_visita_ges,alto_custo_ges,rel_alto_custo_ges,evento_adverso_ges,rel_evento_adverso_ges,tipo_evento_adverso_gest,evento_valor_negoc_ges,evento_sinalizado_ges,evento_discutido_ges,evento_negociado_ges,evento_prorrogar_ges,evento_fech_ges,opme_ges,rel_opme_ges,home_care_ges,rel_home_care_ges,desospitalizacao_ges,rel_desospitalizacao_ges,fk_user_ges,evento_retorno_qual_hosp_ges,evento_classificado_hospital_ges,evento_data_ges,evento_encerrar_ges,evento_impacto_financ_ges,evento_prolongou_internacao_ges,evento_concluido_ges,evento_classificacao_ges
[2026-02-16 04:10:59] [gestaoDAO] create OK fk_internacao_ges=640
[2026-02-16 04:10:59] GESTAO create ok id_int=640 evento=n tipo=
[2026-02-16 04:10:59] END ok id=640
[2026-02-16 04:11:00] START type=create select_gestao=s evento_adverso_ges= tipo_evento=
[2026-02-16 04:18:02] START type=create select_gestao=s evento_adverso_ges= tipo_evento=
[2026-02-16 04:18:02] CREATE internacao ok id=641
[2026-02-16 04:18:02] VISITA create ok id_int=641 id_visita=680
[2026-02-16 04:18:02] GESTAO create try id_int=641 fk_visita=680 fk_user=6 select=s evento=n
[2026-02-16 04:18:02] [gestaoDAO] create query cols=fk_internacao_ges,fk_visita_ges,alto_custo_ges,rel_alto_custo_ges,evento_adverso_ges,rel_evento_adverso_ges,tipo_evento_adverso_gest,evento_valor_negoc_ges,evento_sinalizado_ges,evento_discutido_ges,evento_negociado_ges,evento_prorrogar_ges,evento_fech_ges,opme_ges,rel_opme_ges,home_care_ges,rel_home_care_ges,desospitalizacao_ges,rel_desospitalizacao_ges,fk_user_ges,evento_retorno_qual_hosp_ges,evento_classificado_hospital_ges,evento_data_ges,evento_encerrar_ges,evento_impacto_financ_ges,evento_prolongou_internacao_ges,evento_concluido_ges,evento_classificacao_ges
[2026-02-16 04:18:02] [gestaoDAO] create OK fk_internacao_ges=641
[2026-02-16 04:18:02] GESTAO create ok id_int=641 evento=n tipo=
[2026-02-16 04:18:02] END ok id=641
[2026-02-16 04:18:03] START type=create select_gestao=s evento_adverso_ges=s tipo_evento=Complicação pós operatória
[2026-02-16 04:21:59] START type=create select_gestao=s evento_adverso_ges=s tipo_evento=Complicação pós operatória
[2026-02-16 04:21:59] CREATE internacao ok id=642
[2026-02-16 04:21:59] VISITA create ok id_int=642 id_visita=681
[2026-02-16 04:21:59] GESTAO create try id_int=642 fk_visita=681 fk_user=6 select=s evento=s
[2026-02-16 04:21:59] [gestaoDAO] create query cols=fk_internacao_ges,fk_visita_ges,alto_custo_ges,rel_alto_custo_ges,evento_adverso_ges,rel_evento_adverso_ges,tipo_evento_adverso_gest,evento_valor_negoc_ges,evento_sinalizado_ges,evento_discutido_ges,evento_negociado_ges,evento_prorrogar_ges,evento_fech_ges,opme_ges,rel_opme_ges,home_care_ges,rel_home_care_ges,desospitalizacao_ges,rel_desospitalizacao_ges,fk_user_ges,evento_retorno_qual_hosp_ges,evento_classificado_hospital_ges,evento_data_ges,evento_encerrar_ges,evento_impacto_financ_ges,evento_prolongou_internacao_ges,evento_concluido_ges,evento_classificacao_ges
[2026-02-16 04:21:59] [gestaoDAO] create OK fk_internacao_ges=642
[2026-02-16 04:21:59] GESTAO create ok id_int=642 evento=s tipo=Complicação pós operatória
[2026-02-16 04:21:59] END ok id=642
[2026-02-16 04:22:00] START type=create select_gestao=s evento_adverso_ges= tipo_evento=
[2026-02-17 04:28:08] START type=create select_gestao= evento_adverso_ges=n tipo_evento=
[2026-02-17 04:28:08] CREATE internacao ok id=643
[2026-02-17 04:28:08] VISITA create ok id_int=643 id_visita=682
[2026-02-17 04:28:08] GESTAO skip id_int=643 select= evento=n tipo=
[2026-02-17 04:28:08] END ok id=643
[2026-02-17 04:28:08] START type=create select_gestao= evento_adverso_ges=n tipo_evento=
[2026-02-27 00:43:11] START type=create select_gestao= evento_adverso_ges=n tipo_evento=
[2026-02-27 00:43:11] CREATE internacao ok id=644
[2026-02-27 00:43:11] VISITA create ok id_int=644 id_visita=683
[2026-02-27 00:43:11] GESTAO skip id_int=644 select= evento=n tipo=
[2026-02-27 00:43:11] END ok id=644
[2026-02-27 00:43:12] START type=create select_gestao= evento_adverso_ges=n tipo_evento=
[2026-02-27 01:59:42] START type=create select_gestao= evento_adverso_ges=n tipo_evento=
[2026-02-27 01:59:42] CREATE internacao ok id=645
[2026-02-27 01:59:42] VISITA create ok id_int=645 id_visita=684
[2026-02-27 01:59:42] GESTAO skip id_int=645 select= evento=n tipo=
[2026-02-27 01:59:42] START type=create select_gestao= evento_adverso_ges=n tipo_evento=
[2026-02-27 02:40:07] START type=create select_gestao= evento_adverso_ges=n tipo_evento=
[2026-02-27 02:40:07] CREATE internacao ok id=646
[2026-02-27 02:40:07] VISITA create ok id_int=646 id_visita=685
[2026-02-27 02:40:07] GESTAO skip id_int=646 select= evento=n tipo=
[2026-02-27 02:40:07] END ok id=646
[2026-03-09 22:31:47] START type=create select_gestao= evento_adverso_ges=n tipo_evento=
[2026-03-09 22:31:48] CREATE internacao ok id=648
[2026-03-09 22:31:48] VISITA create ok id_int=648 id_visita=687
[2026-03-09 22:31:48] GESTAO skip id_int=648 select= evento=n tipo=
[2026-03-09 22:31:53] START type=create select_gestao= evento_adverso_ges=n tipo_evento=
[2026-03-09 22:44:53] START type=create select_gestao= evento_adverso_ges=n tipo_evento=
[2026-03-09 22:44:53] CREATE internacao ok id=649
[2026-03-09 22:44:53] VISITA create ok id_int=649 id_visita=688
[2026-03-09 22:44:53] GESTAO skip id_int=649 select= evento=n tipo=
[2026-03-09 22:45:02] START type=create select_gestao= evento_adverso_ges=n tipo_evento=
[2026-03-09 23:13:50] START type=create select_gestao= evento_adverso_ges=n tipo_evento=
[2026-03-09 23:13:50] CREATE internacao ok id=650
[2026-03-09 23:13:50] VISITA create ok id_int=650 id_visita=689
[2026-03-09 23:13:50] GESTAO skip id_int=650 select= evento=n tipo=
[2026-03-09 23:14:05] START type=create select_gestao= evento_adverso_ges=n tipo_evento=
[2026-03-09 23:21:11] START type=create select_gestao= evento_adverso_ges=n tipo_evento=
[2026-03-09 23:21:11] CREATE internacao ok id=651
[2026-03-09 23:21:11] VISITA create ok id_int=651 id_visita=690
[2026-03-09 23:21:11] GESTAO skip id_int=651 select= evento=n tipo=
[2026-03-09 23:21:11] END ok id=651
[2026-03-10 02:08:07] START type=create select_gestao= evento_adverso_ges=n tipo_evento=
[2026-03-10 02:08:07] CREATE internacao ok id=652
[2026-03-10 02:08:07] VISITA create ok id_int=652 id_visita=691
[2026-03-10 02:08:07] GESTAO skip id_int=652 select= evento=n tipo=
[2026-03-10 02:08:07] END ok id=652
[2026-03-13 21:58:40] START type=create select_gestao= evento_adverso_ges=n tipo_evento=
[2026-03-13 21:58:40] CREATE internacao ok id=653
[2026-03-13 21:58:40] VISITA create ok id_int=653 id_visita=692
[2026-03-13 21:58:40] GESTAO skip id_int=653 select= evento=n tipo=
[2026-03-13 21:58:40] END ok id=653
[2026-03-13 22:47:42] START type=create select_gestao= evento_adverso_ges=n tipo_evento=
[2026-03-13 22:47:50] START type=create select_gestao= evento_adverso_ges=n tipo_evento=
[2026-03-13 22:47:54] START type=create select_gestao= evento_adverso_ges=n tipo_evento=
[2026-03-13 22:48:00] START type=create select_gestao= evento_adverso_ges=n tipo_evento=
[2026-03-13 22:50:13] START type=create select_gestao= evento_adverso_ges=n tipo_evento=
[2026-03-13 22:50:14] CREATE internacao ok id=658
[2026-03-13 22:50:14] VISITA create ok id_int=658 id_visita=693
[2026-03-13 22:50:14] GESTAO skip id_int=658 select= evento=n tipo=
[2026-03-13 22:50:14] END ok id=658
[2026-03-13 22:50:49] START type=create select_gestao= evento_adverso_ges= tipo_evento=
[2026-03-13 22:50:49] CREATE internacao ok id=659
[2026-03-13 22:50:49] VISITA create ok id_int=659 id_visita=694
[2026-03-13 22:50:49] GESTAO skip id_int=659 select= evento=n tipo=
[2026-03-13 22:50:49] END ok id=659
[2026-03-13 22:54:22] START type=create select_gestao= evento_adverso_ges=n tipo_evento=
[2026-03-13 22:54:22] CREATE internacao ok id=660
[2026-03-13 22:54:22] VISITA create ok id_int=660 id_visita=695
[2026-03-13 22:54:22] GESTAO skip id_int=660 select= evento=n tipo=
[2026-03-13 22:54:22] END ok id=660
[2026-03-13 23:01:19] START type=create select_gestao= evento_adverso_ges=n tipo_evento=
[2026-03-13 23:01:19] CREATE internacao ok id=661
[2026-03-13 23:01:19] VISITA create ok id_int=661 id_visita=696
[2026-03-13 23:01:19] GESTAO skip id_int=661 select= evento=n tipo=
[2026-03-13 23:01:19] END ok id=661
[2026-03-27 01:54:16] START type=create select_gestao=s evento_adverso_ges=n tipo_evento=
[2026-03-27 01:54:16] CREATE internacao ok id=663
[2026-03-27 01:54:16] VISITA create ok id_int=663 id_visita=698
[2026-03-27 01:54:16] GESTAO create try id_int=663 fk_visita=698 fk_user=5 select=s evento=n
[2026-03-27 01:54:16] [gestaoDAO] create query cols=fk_internacao_ges,fk_visita_ges,alto_custo_ges,rel_alto_custo_ges,evento_adverso_ges,rel_evento_adverso_ges,tipo_evento_adverso_gest,evento_valor_negoc_ges,evento_sinalizado_ges,evento_discutido_ges,evento_negociado_ges,evento_prorrogar_ges,evento_fech_ges,opme_ges,rel_opme_ges,home_care_ges,rel_home_care_ges,desospitalizacao_ges,rel_desospitalizacao_ges,fk_user_ges,evento_retorno_qual_hosp_ges,evento_classificado_hospital_ges,evento_data_ges,evento_encerrar_ges,evento_impacto_financ_ges,evento_prolongou_internacao_ges,evento_concluido_ges,evento_classificacao_ges
[2026-03-27 01:54:16] [gestaoDAO] create OK fk_internacao_ges=663
[2026-03-27 01:54:16] GESTAO create ok id_int=663 evento=n tipo=
[2026-03-27 01:54:16] END ok id=663
[2026-03-27 02:08:20] START type=create select_gestao=s evento_adverso_ges=n tipo_evento=
[2026-03-27 02:08:20] CREATE internacao ok id=664
[2026-03-27 02:08:20] VISITA create ok id_int=664 id_visita=699
[2026-03-27 02:08:20] GESTAO create try id_int=664 fk_visita=699 fk_user=5 select=s evento=n
[2026-03-27 02:08:20] [gestaoDAO] create query cols=fk_internacao_ges,fk_visita_ges,alto_custo_ges,rel_alto_custo_ges,evento_adverso_ges,rel_evento_adverso_ges,tipo_evento_adverso_gest,evento_valor_negoc_ges,evento_sinalizado_ges,evento_discutido_ges,evento_negociado_ges,evento_prorrogar_ges,evento_fech_ges,opme_ges,rel_opme_ges,home_care_ges,rel_home_care_ges,desospitalizacao_ges,rel_desospitalizacao_ges,fk_user_ges,evento_retorno_qual_hosp_ges,evento_classificado_hospital_ges,evento_data_ges,evento_encerrar_ges,evento_impacto_financ_ges,evento_prolongou_internacao_ges,evento_concluido_ges,evento_classificacao_ges
[2026-03-27 02:08:20] [gestaoDAO] create OK fk_internacao_ges=664
[2026-03-27 02:08:20] GESTAO create ok id_int=664 evento=n tipo=
[2026-03-27 02:08:20] END ok id=664
[2026-03-29 00:10:29] START type=create select_gestao= evento_adverso_ges=n tipo_evento=
[2026-03-29 00:10:29] CREATE internacao ok id=665
[2026-03-29 00:10:29] VISITA create ok id_int=665 id_visita=700
[2026-03-29 00:10:29] GESTAO skip id_int=665 select= evento=n tipo=
[2026-03-29 00:10:29] END ok id=665
[2026-03-29 00:17:27] START type=create select_gestao= evento_adverso_ges=n tipo_evento=
[2026-03-29 00:17:27] CREATE internacao ok id=666
[2026-03-29 00:17:27] VISITA create ok id_int=666 id_visita=701
[2026-03-29 00:17:27] GESTAO skip id_int=666 select= evento=n tipo=
[2026-03-29 00:17:27] END ok id=666
[2026-03-29 00:27:43] START type=create select_gestao= evento_adverso_ges=n tipo_evento=
[2026-03-29 00:27:44] CREATE internacao ok id=667
[2026-03-29 00:27:44] VISITA create ok id_int=667 id_visita=702
[2026-03-29 00:27:44] GESTAO skip id_int=667 select= evento=n tipo=
[2026-03-29 00:27:44] END ok id=667
[2026-03-29 00:36:42] START type=create select_gestao= evento_adverso_ges=n tipo_evento=
[2026-03-29 00:36:42] CREATE internacao ok id=668
[2026-03-29 00:36:42] VISITA create ok id_int=668 id_visita=703
[2026-03-29 00:36:42] GESTAO skip id_int=668 select= evento=n tipo=
[2026-03-29 00:36:42] END ok id=668
[2026-04-10 01:31:24] START type=create select_gestao= evento_adverso_ges=n tipo_evento=
[2026-04-10 01:31:30] START type=create select_gestao= evento_adverso_ges=n tipo_evento=
[2026-04-10 01:44:32] START type=create select_gestao= evento_adverso_ges=n tipo_evento=
[2026-04-10 01:47:34] START type=create select_gestao= evento_adverso_ges=n tipo_evento=
[2026-04-10 01:47:34] CREATE internacao ok id=672
[2026-04-10 01:47:35] VISITA create ok id_int=672 id_visita=704
[2026-04-10 01:47:35] GESTAO skip id_int=672 select= evento=n tipo=
[2026-04-10 01:47:35] END ok id=672
[2026-04-10 22:24:57] START type=create select_gestao= evento_adverso_ges=n tipo_evento=
[2026-04-10 22:24:57] CREATE internacao ok id=673
[2026-04-10 22:24:57] VISITA create ok id_int=673 id_visita=705
[2026-04-10 22:24:57] GESTAO skip id_int=673 select= evento=n tipo=
[2026-04-10 22:24:57] END ok id=673
[2026-04-18 21:26:44] START type=create select_gestao= evento_adverso_ges=n tipo_evento=
[2026-04-18 21:26:44] CREATE internacao ok id=744
[2026-04-18 21:26:44] VISITA create ok id_int=744 id_visita=794
[2026-04-18 21:26:44] GESTAO skip id_int=744 select= evento=n tipo=
[2026-04-18 21:26:44] END ok id=744
[2026-04-18 21:50:16] START type=create select_gestao= evento_adverso_ges=n tipo_evento=
[2026-04-18 21:50:16] CREATE internacao ok id=745
[2026-04-18 21:50:16] VISITA create ok id_int=745 id_visita=798
[2026-04-18 21:50:16] GESTAO skip id_int=745 select= evento=n tipo=
[2026-04-18 21:50:16] END ok id=745
